-------------------------------------------------------------------------------
Test set: com.tweeter.tweeter.TweeterApplicationTests
-------------------------------------------------------------------------------
Tests run: 1, Failures: 0, Errors: 1, Skipped: 0, Time elapsed: 0.773 s <<< FAILURE! - in com.tweeter.tweeter.TweeterApplicationTests
initializationError(com.tweeter.tweeter.TweeterApplicationTests)  Time elapsed: 0.016 s  <<< ERROR!
java.lang.IllegalStateException: Unable to find a @SpringBootConfiguration, you need to use @ContextConfiguration or @SpringBootTest(classes=...) with your test

